<?xml version="1.0" encoding="UTF-8"?>
<!-- Generated by org.testng.reporters.JUnitReportReporter -->
<testsuite hostname="Venky1" name="com.WordPress.TestScripts.Login" tests="1" failures="0" timestamp="29 Dec 2020 05:36:43 GMT" time="21.885" errors="0">
  <testcase name="loginTest" time="21.885" classname="com.WordPress.TestScripts.Login"/>
</testsuite> <!-- com.WordPress.TestScripts.Login -->
